2020-08-07 10:39:22,135 NanoPlot 1.26.3 started with arguments Namespace(N50=False, alength=False, bam=['multifast.graphmap.sorted.bam'], barcoded=False, color='#4CB391', colormap='Greens', cram=None, downsample=None, dpi=100, drop_outliers=False, fasta=None, fastq=None, fastq_minimal=None, fastq_rich=None, font_scale=1, format='png', listcolormaps=False, listcolors=False, loglength=False, maxlength=5000, minlength=None, minqual=None, no_N50=False, outdir='multifast_plot', path='multifast_plot/', percentqual=False, pickle=None, plots=['kde', 'dot'], prefix='', raw=False, readtype='1D', runtime_until=None, store=False, summary=None, threads=1, title=None, ubam=None, verbose=False)
2020-08-07 10:39:22,135 Python version is: 3.6.3 (default, Sep 19 2019, 00:30:43)  [GCC 4.8.5 20150623 (Red Hat 4.8.5-39)]
2020-08-07 10:39:22,138 NanoPlot:  valid output format png
2020-08-07 10:39:22,149 Nanoget: Starting to collect statistics from bam file multifast.graphmap.sorted.bam.
2020-08-07 10:39:22,174 Nanoget: No index for bam file could be found, created index.
2020-08-07 10:39:22,176 Nanoget: Bam file multifast.graphmap.sorted.bam contains 59 mapped and 0 unmapped reads.
2020-08-07 10:39:22,303 Nanoget: bam multifast.graphmap.sorted.bam contains 59 primary alignments.
2020-08-07 10:39:22,331 Reduced DataFrame memory usage from 0.008383750915527344Mb to 0.0066394805908203125Mb
2020-08-07 10:39:22,346 Nanoget: Gathered all metrics of 59 reads
2020-08-07 10:39:22,368 Calculated statistics
2020-08-07 10:39:22,369 Using sequenced read lengths for plotting.
2020-08-07 10:39:22,377 Hidding 0 reads longer than 5000bp in length plots.
2020-08-07 10:39:22,380 NanoPlot:  Valid color #4CB391.
2020-08-07 10:39:22,381 NanoPlot:  Valid colormap Greens.
2020-08-07 10:39:22,383 NanoPlot:  Creating length plots for Read length.
2020-08-07 10:39:22,384 NanoPlot:  Using 59 reads maximum of 2695bp.
2020-08-07 10:39:26,836 Nanoplotter: orca not found, not creating static image of html. See https://github.com/plotly/orca
2020-08-07 10:39:26,836 Image generation requires the psutil package.

Install using pip:
    $ pip install psutil

Install using conda:
    $ conda install psutil
Traceback (most recent call last):
  File "/usr/local/python/versions/3.6.3/lib/python3.6/site-packages/nanoplotter/plot.py", line 60, in save_static
    pio.write_image(self.fig, self.path.replace('html', 'png'))
  File "/usr/local/python/versions/3.6.3/lib/python3.6/site-packages/plotly/io/_orca.py", line 1770, in write_image
    fig, format=format, scale=scale, width=width, height=height, validate=validate
  File "/usr/local/python/versions/3.6.3/lib/python3.6/site-packages/plotly/io/_orca.py", line 1535, in to_image
    ensure_server()
  File "/usr/local/python/versions/3.6.3/lib/python3.6/site-packages/plotly/io/_orca.py", line 1370, in ensure_server
    """
ValueError: Image generation requires the psutil package.

Install using pip:
    $ pip install psutil

Install using conda:
    $ conda install psutil

2020-08-07 10:39:27,179 Created length plots
2020-08-07 10:39:27,181 NanoPlot:  Creating Read lengths vs Average read quality plots using statistics from 59 reads.
2020-08-07 10:39:29,909 Created LengthvsQual plot
2020-08-07 10:39:29,912 NanoPlot:  Creating Aligned read lengths vs Sequenced read length plots using statistics from 59 reads.
2020-08-07 10:39:32,474 Created AlignedLength vs Length plot.
2020-08-07 10:39:32,474 NanoPlot:  Creating Read mapping quality vs Average basecall quality plots using statistics from 59 reads.
2020-08-07 10:39:32,475 NanoPlot:  No variation in Read mapping quality, skipping bivariate plot
2020-08-07 10:39:32,476 Created MapQvsBaseQ plot.
2020-08-07 10:39:32,478 NanoPlot:  Creating Read length vs Read mapping quality plots using statistics from 59 reads.
2020-08-07 10:39:32,479 NanoPlot:  No variation in Read mapping quality, skipping bivariate plot
2020-08-07 10:39:32,479 Created Mapping quality vs read length plot.
2020-08-07 10:39:32,480 NanoPlot:  Creating Percent identity vs Average Base Quality plots using statistics from 59 reads.
2020-08-07 10:39:35,025 Created Percent ID vs Base quality plot.
2020-08-07 10:39:35,027 NanoPlot:  Creating Aligned read length vs Percent identity plots using statistics from 59 reads.
2020-08-07 10:39:37,705 Nanoplotter: orca not found, not creating static image of html. See https://github.com/plotly/orca
2020-08-07 10:39:37,706 Image generation requires the psutil package.

Install using pip:
    $ pip install psutil

Install using conda:
    $ conda install psutil
Traceback (most recent call last):
  File "/usr/local/python/versions/3.6.3/lib/python3.6/site-packages/nanoplotter/plot.py", line 60, in save_static
    pio.write_image(self.fig, self.path.replace('html', 'png'))
  File "/usr/local/python/versions/3.6.3/lib/python3.6/site-packages/plotly/io/_orca.py", line 1770, in write_image
    fig, format=format, scale=scale, width=width, height=height, validate=validate
  File "/usr/local/python/versions/3.6.3/lib/python3.6/site-packages/plotly/io/_orca.py", line 1535, in to_image
    ensure_server()
  File "/usr/local/python/versions/3.6.3/lib/python3.6/site-packages/plotly/io/_orca.py", line 1370, in ensure_server
    """
ValueError: Image generation requires the psutil package.

Install using pip:
    $ pip install psutil

Install using conda:
    $ conda install psutil

2020-08-07 10:39:37,706 Created Percent ID vs Length plot
2020-08-07 10:39:37,707 Writing html report.
2020-08-07 10:39:44,800 Finished!
